<?xml version="1.0" encoding="UTF-8"?>
<!-- Generated by org.testng.reporters.JUnitXMLReporter -->
<testsuite ignored="0" hostname="DESKTOP-UK94CCL" failures="0" tests="7" name="Default test" time="9.332" errors="0" timestamp="2024-08-26T14:24:34 EET">
  <testcase classname="homePage.myTestcases" name="ExpectedDefaultLange" time="0.081"/>
  <testcase classname="homePage.myTestcases" name="CheckdefaultCurrency" time="0.056"/>
  <testcase classname="homePage.myTestcases" name="CheckContactNumber" time="0.039"/>
  <testcase classname="homePage.myTestcases" name="CheckQitagLogo" time="0.115"/>
  <testcase classname="homePage.myTestcases" name="TestHotelTabIsNotSelected" time="1.075"/>
  <testcase classname="homePage.myTestcases" name="CheckDepatureDate" time="0.163"/>
  <testcase classname="homePage.myTestcases" name="RandomlyChangeTheLanguage" time="1.566"/>
</testsuite> <!-- Default test -->
