<?xml version="1.0" encoding="UTF-8"?>
<!-- Generated by org.testng.reporters.JUnitXMLReporter -->
<testsuite ignored="0" hostname="DESKTOP-UK94CCL" failures="0" tests="4" name="Default test" time="7.594" errors="0" timestamp="2024-08-22T19:02:23 EET">
  <testcase classname="homePage.myTestcases" name="ExpectedDefaultLange" time="0.072"/>
  <testcase classname="homePage.myTestcases" name="CheckdefaultCurrency" time="0.066"/>
  <testcase classname="homePage.myTestcases" name="CheckContactNumber" time="0.059"/>
  <testcase classname="homePage.myTestcases" name="CheckQitagLogo" time="1.514"/>
</testsuite> <!-- Default test -->
