<?xml version="1.0" encoding="UTF-8"?>
<testng-results ignored="0" total="11" passed="11" failed="0" skipped="0">
  <reporter-output>
  </reporter-output>
  <suite started-at="2024-08-26T19:03:56 EET" name="Default suite" finished-at="2024-08-26T19:04:26 EET" duration-ms="29715">
    <groups>
    </groups>
    <test started-at="2024-08-26T19:03:56 EET" name="Default test" finished-at="2024-08-26T19:04:26 EET" duration-ms="29715">
      <class name="homePage.myTestcases">
        <test-method is-config="true" signature="myTest()[pri:0, instance:homePage.myTestcases@63dd899]" started-at="2024-08-26T19:03:56 EET" name="myTest" finished-at="2024-08-26T19:04:01 EET" duration-ms="4772" status="PASS">
          <reporter-output>
          </reporter-output>
        </test-method> <!-- myTest -->
        <test-method signature="ExpectedDefaultLange()[pri:1, instance:homePage.myTestcases@63dd899]" started-at="2024-08-26T19:04:01 EET" name="ExpectedDefaultLange" finished-at="2024-08-26T19:04:01 EET" duration-ms="94" status="PASS">
          <reporter-output>
          </reporter-output>
        </test-method> <!-- ExpectedDefaultLange -->
        <test-method signature="CheckdefaultCurrency()[pri:2, instance:homePage.myTestcases@63dd899]" started-at="2024-08-26T19:04:01 EET" name="CheckdefaultCurrency" finished-at="2024-08-26T19:04:01 EET" duration-ms="73" status="PASS">
          <reporter-output>
          </reporter-output>
        </test-method> <!-- CheckdefaultCurrency -->
        <test-method signature="CheckContactNumber()[pri:3, instance:homePage.myTestcases@63dd899]" started-at="2024-08-26T19:04:01 EET" name="CheckContactNumber" finished-at="2024-08-26T19:04:01 EET" duration-ms="219" status="PASS">
          <reporter-output>
          </reporter-output>
        </test-method> <!-- CheckContactNumber -->
        <test-method signature="CheckQitagLogo()[pri:4, instance:homePage.myTestcases@63dd899]" started-at="2024-08-26T19:04:01 EET" name="CheckQitagLogo" finished-at="2024-08-26T19:04:02 EET" duration-ms="998" status="PASS">
          <reporter-output>
          </reporter-output>
        </test-method> <!-- CheckQitagLogo -->
        <test-method signature="TestHotelTabIsNotSelected()[pri:5, instance:homePage.myTestcases@63dd899]" started-at="2024-08-26T19:04:02 EET" name="TestHotelTabIsNotSelected" finished-at="2024-08-26T19:04:03 EET" duration-ms="162" status="PASS">
          <reporter-output>
          </reporter-output>
        </test-method> <!-- TestHotelTabIsNotSelected -->
        <test-method signature="CheckDepatureDate()[pri:6, instance:homePage.myTestcases@63dd899]" started-at="2024-08-26T19:04:03 EET" name="CheckDepatureDate" finished-at="2024-08-26T19:04:03 EET" duration-ms="86" status="PASS">
          <reporter-output>
          </reporter-output>
        </test-method> <!-- CheckDepatureDate -->
        <test-method signature="RandomlyChangeTheLanguage()[pri:7, instance:homePage.myTestcases@63dd899]" started-at="2024-08-26T19:04:03 EET" name="RandomlyChangeTheLanguage" finished-at="2024-08-26T19:04:04 EET" duration-ms="1649" status="PASS">
          <reporter-output>
          </reporter-output>
        </test-method> <!-- RandomlyChangeTheLanguage -->
        <test-method signature="FillHotelTab()[pri:8, instance:homePage.myTestcases@63dd899]" started-at="2024-08-26T19:04:04 EET" name="FillHotelTab" finished-at="2024-08-26T19:04:06 EET" duration-ms="1784" status="PASS">
          <reporter-output>
          </reporter-output>
        </test-method> <!-- FillHotelTab -->
        <test-method signature="RandomlySelectTheNumberOfVistor()[pri:9, instance:homePage.myTestcases@63dd899]" started-at="2024-08-26T19:04:06 EET" name="RandomlySelectTheNumberOfVistor" finished-at="2024-08-26T19:04:13 EET" duration-ms="6874" status="PASS">
          <reporter-output>
          </reporter-output>
        </test-method> <!-- RandomlySelectTheNumberOfVistor -->
        <test-method signature="CheckThePageFullyLoaded()[pri:10, instance:homePage.myTestcases@63dd899]" started-at="2024-08-26T19:04:13 EET" name="CheckThePageFullyLoaded" finished-at="2024-08-26T19:04:25 EET" duration-ms="11548" status="PASS">
          <reporter-output>
          </reporter-output>
        </test-method> <!-- CheckThePageFullyLoaded -->
        <test-method signature="SortItemsLowestToHighestPrice()[pri:11, instance:homePage.myTestcases@63dd899]" started-at="2024-08-26T19:04:25 EET" name="SortItemsLowestToHighestPrice" description="wallah jayen nshof eza asghar s3er aqal " finished-at="2024-08-26T19:04:26 EET" duration-ms="1308" status="PASS">
          <reporter-output>
          </reporter-output>
        </test-method> <!-- SortItemsLowestToHighestPrice -->
      </class> <!-- homePage.myTestcases -->
    </test> <!-- Default test -->
  </suite> <!-- Default suite -->
</testng-results>
