<?xml version="1.0" encoding="UTF-8"?>
<testng-results ignored="0" total="7" passed="7" failed="0" skipped="0">
  <reporter-output>
  </reporter-output>
  <suite started-at="2024-08-26T14:24:25 EET" name="Default suite" finished-at="2024-08-26T14:24:34 EET" duration-ms="9332">
    <groups>
    </groups>
    <test started-at="2024-08-26T14:24:25 EET" name="Default test" finished-at="2024-08-26T14:24:34 EET" duration-ms="9332">
      <class name="homePage.myTestcases">
        <test-method is-config="true" signature="myTest()[pri:0, instance:homePage.myTestcases@366ac49b]" started-at="2024-08-26T14:24:25 EET" name="myTest" finished-at="2024-08-26T14:24:31 EET" duration-ms="6126" status="PASS">
          <reporter-output>
          </reporter-output>
        </test-method> <!-- myTest -->
        <test-method signature="ExpectedDefaultLange()[pri:1, instance:homePage.myTestcases@366ac49b]" started-at="2024-08-26T14:24:31 EET" name="ExpectedDefaultLange" finished-at="2024-08-26T14:24:31 EET" duration-ms="81" status="PASS">
          <reporter-output>
          </reporter-output>
        </test-method> <!-- ExpectedDefaultLange -->
        <test-method signature="CheckdefaultCurrency()[pri:2, instance:homePage.myTestcases@366ac49b]" started-at="2024-08-26T14:24:31 EET" name="CheckdefaultCurrency" finished-at="2024-08-26T14:24:31 EET" duration-ms="56" status="PASS">
          <reporter-output>
          </reporter-output>
        </test-method> <!-- CheckdefaultCurrency -->
        <test-method signature="CheckContactNumber()[pri:3, instance:homePage.myTestcases@366ac49b]" started-at="2024-08-26T14:24:31 EET" name="CheckContactNumber" finished-at="2024-08-26T14:24:31 EET" duration-ms="39" status="PASS">
          <reporter-output>
          </reporter-output>
        </test-method> <!-- CheckContactNumber -->
        <test-method signature="CheckQitagLogo()[pri:4, instance:homePage.myTestcases@366ac49b]" started-at="2024-08-26T14:24:31 EET" name="CheckQitagLogo" finished-at="2024-08-26T14:24:32 EET" duration-ms="115" status="PASS">
          <reporter-output>
          </reporter-output>
        </test-method> <!-- CheckQitagLogo -->
        <test-method signature="TestHotelTabIsNotSelected()[pri:5, instance:homePage.myTestcases@366ac49b]" started-at="2024-08-26T14:24:32 EET" name="TestHotelTabIsNotSelected" finished-at="2024-08-26T14:24:33 EET" duration-ms="1075" status="PASS">
          <reporter-output>
          </reporter-output>
        </test-method> <!-- TestHotelTabIsNotSelected -->
        <test-method signature="CheckDepatureDate()[pri:6, instance:homePage.myTestcases@366ac49b]" started-at="2024-08-26T14:24:33 EET" name="CheckDepatureDate" finished-at="2024-08-26T14:24:33 EET" duration-ms="163" status="PASS">
          <reporter-output>
          </reporter-output>
        </test-method> <!-- CheckDepatureDate -->
        <test-method signature="RandomlyChangeTheLanguage()[pri:7, instance:homePage.myTestcases@366ac49b]" started-at="2024-08-26T14:24:33 EET" name="RandomlyChangeTheLanguage" finished-at="2024-08-26T14:24:34 EET" duration-ms="1566" status="PASS">
          <reporter-output>
          </reporter-output>
        </test-method> <!-- RandomlyChangeTheLanguage -->
      </class> <!-- homePage.myTestcases -->
    </test> <!-- Default test -->
  </suite> <!-- Default suite -->
</testng-results>
